Two of Hearts
Two of Diamonds
Two of Clubs
Two of Spades
Three of Hearts
Three of Diamonds
Three of Clubs
Three of Spades
Four of Hearts
Four of Diamonds
Four of Clubs
Four of Spades
Five of Hearts
Five of Diamonds
Five of Clubs
Five of Spades
Six of Hearts
Six of Diamonds
Six of Clubs
Six of Spades
Seven of Hearts
Seven of Diamonds
Seven of Clubs
Seven of Spades
Eight of Hearts
Eight of Diamonds
Eight of Clubs
Eight of Spades
Nine of Hearts
Nine of Diamonds
Nine of Clubs
Nine of Spades
Ten of Hearts
Ten of Diamonds
Ten of Clubs
Ten of Spades
Jack of Hearts
Jack of Diamonds
Jack of Clubs
Jack of Spades
Queen of Hearts
Queen of Diamonds
Queen of Clubs
Queen of Spades
King of Hearts
King of Diamonds
King of Clubs
King of Spades
Queen of Hearts
Queen of Diamonds
Queen of Clubs
Queen of Spades
Two: 4
Three: 4
Four: 4
Five: 4
Six: 4
Seven: 4
Eight: 4
Nine: 4
Ten: 4
Jack: 4
Queen: 8
King: 4
Ace: 0
Three of Hearts
Eight of Clubs
Queen of Spades
Nine of Clubs
King of Diamonds
Four of Spades
Seven of Diamonds
Jack of Diamonds
Ten of Hearts
Two of Hearts
Four of Hearts
Ten of Diamonds
Six of Clubs
Three of Diamonds
Six of Spades
Ace of Hearts
Two of Clubs
Queen of Diamonds
King of Hearts
Three of Spades
Queen of Hearts
Eight of Spades
King of Spades
Nine of Hearts
Seven of Spades
Nine of Diamonds
Eight of Hearts
Five of Hearts
Nine of Spades
Three of Clubs
Two of Diamonds
Six of Hearts
Queen of Clubs
Jack of Hearts
King of Clubs
Eight of Diamonds
Ten of Clubs
Seven of Hearts
Jack of Clubs
Four of Diamonds
Ace of Clubs
Five of Diamonds
Seven of Clubs
Ace of Diamonds
Two of Spades
Four of Clubs
Six of Diamonds
Ten of Spades
Five of Clubs
Ace of Spades
Jack of Spades
Five of Spades
Two: 4
Three: 4
Four: 4
Five: 4
Six: 4
Seven: 4
Eight: 4
Nine: 4
Ten: 4
Jack: 4
Queen: 4
King: 4
Ace: 4
